2021-05-17 14:18:32.680 [32m(INFO )[m [34m[main][m [33m(org.springframework.boot.StartupInfoLogger :: 55)[m: Starting RestTemplateTest using Java 11.0.10 on herbert-Lenovo-IdeaPad-S145-15IWL with PID 6205 (started by herbert in /home/herbert/workspace/upp-backend)
2021-05-17 14:18:32.689 [36m(DEBUG)[m [34m[main][m [33m(org.springframework.boot.StartupInfoLogger :: 56)[m: Running with Spring Boot v2.4.3, Spring v5.3.4
2021-05-17 14:18:32.692 [32m(INFO )[m [34m[main][m [33m(org.springframework.boot.SpringApplication :: 660)[m: No active profile set, falling back to default profiles: default
2021-05-17 14:18:35.258 [36m(DEBUG)[m [34m[main][m [33m(org.flywaydb.core.internal.logging.slf4j.Slf4jLog :: 45)[m: Scanning for classpath resources at 'classpath:db/callback' ...
2021-05-17 14:18:35.259 [36m(DEBUG)[m [34m[main][m [33m(org.flywaydb.core.internal.logging.slf4j.Slf4jLog :: 45)[m: Determining location urls for classpath:db/callback using ClassLoader jdk.internal.loader.ClassLoaders$AppClassLoader@512ddf17 ...
2021-05-17 14:18:35.260 [36m(DEBUG)[m [34m[main][m [33m(org.flywaydb.core.internal.logging.slf4j.Slf4jLog :: 45)[m: Unable to resolve location classpath:db/callback.
2021-05-17 14:18:35.279 [32m(INFO )[m [34m[main][m [33m(org.flywaydb.core.internal.logging.slf4j.Slf4jLog :: 49)[m: Flyway Community Edition 7.1.1 by Redgate
2021-05-17 14:18:35.283 [36m(DEBUG)[m [34m[main][m [33m(org.flywaydb.core.internal.logging.slf4j.Slf4jLog :: 45)[m: AWS SDK available: false
2021-05-17 14:18:35.284 [36m(DEBUG)[m [34m[main][m [33m(org.flywaydb.core.internal.logging.slf4j.Slf4jLog :: 45)[m: Google Cloud Storage available: false
2021-05-17 14:18:35.285 [36m(DEBUG)[m [34m[main][m [33m(org.flywaydb.core.internal.logging.slf4j.Slf4jLog :: 45)[m: Scanning for classpath resources at 'classpath:db/migration' ...
2021-05-17 14:18:35.285 [36m(DEBUG)[m [34m[main][m [33m(org.flywaydb.core.internal.logging.slf4j.Slf4jLog :: 45)[m: Determining location urls for classpath:db/migration using ClassLoader jdk.internal.loader.ClassLoaders$AppClassLoader@512ddf17 ...
2021-05-17 14:18:35.286 [36m(DEBUG)[m [34m[main][m [33m(org.flywaydb.core.internal.logging.slf4j.Slf4jLog :: 45)[m: Scanning URL: file:/home/herbert/workspace/upp-backend/target/classes/db/migration
2021-05-17 14:18:35.287 [36m(DEBUG)[m [34m[main][m [33m(org.flywaydb.core.internal.logging.slf4j.Slf4jLog :: 45)[m: JBoss VFS v2 available: false
2021-05-17 14:18:35.290 [36m(DEBUG)[m [34m[main][m [33m(org.flywaydb.core.internal.logging.slf4j.Slf4jLog :: 45)[m: Scanning starting at classpath root in filesystem: /home/herbert/workspace/upp-backend/target/classes/
2021-05-17 14:18:35.290 [36m(DEBUG)[m [34m[main][m [33m(org.flywaydb.core.internal.logging.slf4j.Slf4jLog :: 45)[m: Scanning for resources in path: /home/herbert/workspace/upp-backend/target/classes/db/migration (db/migration)
2021-05-17 14:18:35.291 [36m(DEBUG)[m [34m[main][m [33m(org.flywaydb.core.internal.logging.slf4j.Slf4jLog :: 45)[m: Found resource: db/migration/V001__base_version.sql
2021-05-17 14:18:35.292 [36m(DEBUG)[m [34m[main][m [33m(org.flywaydb.core.internal.logging.slf4j.Slf4jLog :: 45)[m: Found resource: db/migration/import.sql
2021-05-17 14:18:35.293 [36m(DEBUG)[m [34m[main][m [33m(org.flywaydb.core.internal.logging.slf4j.Slf4jLog :: 45)[m: Scanning for classes at classpath:db/migration
2021-05-17 14:18:37.956 [32m(INFO )[m [34m[main][m [33m(org.flywaydb.core.internal.logging.slf4j.Slf4jLog :: 49)[m: Database: jdbc:postgresql://dev-microservices-db.labpetz.com.br:15432/postgres (PostgreSQL 11.8)
2021-05-17 14:18:37.957 [36m(DEBUG)[m [34m[main][m [33m(org.flywaydb.core.internal.logging.slf4j.Slf4jLog :: 45)[m: Driver  : PostgreSQL JDBC Driver 42.2.18
2021-05-17 14:18:37.964 [36m(DEBUG)[m [34m[main][m [33m(org.flywaydb.core.internal.logging.slf4j.Slf4jLog :: 45)[m: DDL Transactions Supported: true
2021-05-17 14:18:37.964 [36m(DEBUG)[m [34m[main][m [33m(org.flywaydb.core.internal.logging.slf4j.Slf4jLog :: 45)[m: Schemas: 
2021-05-17 14:18:37.965 [36m(DEBUG)[m [34m[main][m [33m(org.flywaydb.core.internal.logging.slf4j.Slf4jLog :: 45)[m: Default schema: null
2021-05-17 14:18:39.369 [36m(DEBUG)[m [34m[main][m [33m(org.flywaydb.core.internal.logging.slf4j.Slf4jLog :: 45)[m: Scanning for SQL callbacks ...
2021-05-17 14:18:39.533 [36m(DEBUG)[m [34m[main][m [33m(org.flywaydb.core.internal.logging.slf4j.Slf4jLog :: 45)[m: Validating migrations ...
2021-05-17 14:18:39.536 [36m(DEBUG)[m [34m[main][m [33m(org.flywaydb.core.internal.logging.slf4j.Slf4jLog :: 45)[m: Filtering out resource: db/migration/import.sql (filename: import.sql)
2021-05-17 14:18:39.544 [36m(DEBUG)[m [34m[main][m [33m(org.flywaydb.core.internal.logging.slf4j.Slf4jLog :: 45)[m: Filtering out resource: db/migration/V001__base_version.sql (filename: V001__base_version.sql)
2021-05-17 14:18:39.544 [36m(DEBUG)[m [34m[main][m [33m(org.flywaydb.core.internal.logging.slf4j.Slf4jLog :: 45)[m: Filtering out resource: db/migration/import.sql (filename: import.sql)
2021-05-17 14:18:40.334 [32m(INFO )[m [34m[main][m [33m(org.flywaydb.core.internal.logging.slf4j.Slf4jLog :: 49)[m: Successfully validated 1 migration (execution time 00:00.800s)
2021-05-17 14:18:41.689 [32m(INFO )[m [34m[main][m [33m(org.flywaydb.core.internal.logging.slf4j.Slf4jLog :: 49)[m: Current version of schema "upp": 001
2021-05-17 14:18:41.842 [32m(INFO )[m [34m[main][m [33m(org.flywaydb.core.internal.logging.slf4j.Slf4jLog :: 49)[m: Schema "upp" is up to date. No migration necessary.
2021-05-17 14:18:42.423 [36m(DEBUG)[m [34m[main][m [33m(org.flywaydb.core.internal.logging.slf4j.Slf4jLog :: 45)[m: Memory usage: 103 of 375M
2021-05-17 14:18:48.389 [32m(INFO )[m [34m[idleMonitor1][m [33m(br.com.petz.upp.config.ApacheHttpClientConfig$1 :: 81)[m: Idle connection monitor: Closing expired and idle connections
2021-05-17 14:18:48.394 [32m(INFO )[m [34m[main][m [33m(org.springframework.boot.StartupInfoLogger :: 61)[m: Started RestTemplateTest in 16.141 seconds (JVM running for 18.416)
2021-05-17 14:18:48.708 [32m(INFO )[m [34m[main][m [33m(br.com.petz.upp.config.CustomClientHttpRequestInterceptor :: 29)[m: URI: https://dev-services.labpetz.com.br/cdm/v1/customers/26412286888
2021-05-17 14:18:48.709 [32m(INFO )[m [34m[main][m [33m(br.com.petz.upp.config.CustomClientHttpRequestInterceptor :: 30)[m: HTTP Method: GET
2021-05-17 14:18:48.709 [32m(INFO )[m [34m[main][m [33m(br.com.petz.upp.config.CustomClientHttpRequestInterceptor :: 31)[m: HTTP Headers: {Accept=[application/json, application/*+json], Content-Length=[0], Authorization=[Bearer eyJhbGciOiJSUzI1NiJ9.eyJpc3MiOiJhc20iLCJzdWIiOiJjZG0iLCJjYWRwZXR6LVgtQXV0aG9yaXphdGlvbiI6ImI2MGNmNjY5ZTVhOTYxM2ViYmY0MzMzNmQ5ZmFjYzEyIiwiaWF0IjoxNjIxMjY4OTI5LCJleHAiOjE2MjEzNTUzMjl9.fNpDhHUEED2LEXz5VQjBcffGJIqPeb4TIv2xRgoGT9gafAu9PZt-1AFVcqMLIGgBkuWXaine_Rwww75vagmJv8PkVvfPt2BJNJ8ay4Ds88k7_EJaAvJgS1RSzt6dk_kXNk2rxwnCUb-M22kWHW2oN8tz6EsfU4MO9FLfAzymnEzM-k3oYekBIDnrytJ1q1xiIDjs4eDxXTB8aROFcz0K5ed7dM7v5zyFU7qb23w1UGaIVx_KN59cr3QNhatB3-FVcKrpNT6dlae7_TGHsW0P1PFsOLMjikmQBVgTC7dun84I8ftpoUoufqjjWF6mXcpsUELTMQrIGRWNiGHymlMEF9J1IAmAWyRORX0d2rtEpquwFvef9UoQKhBDire9dKUXQlQ2t-kr-g-ycYAF6btjr1HH9YcPlxrRbebLXax4H19ZU5miP6P41Q8lJwFn6E1SIUXhWZd12wGmO4-i1BgWHxPgsHjNg6r4Iq13ONhvjPP0W92Rz0AYksei01PvrxU2RH9gVtJHCsqml9-KPdTIcA1T5krXLZ4XU4m9ptCJ4-n_vuAAM_3ETTafqKU-inQL318Qz9uWG0Vy_lIO-CrR0LupA3fkPeDyaAFYa9lrvmatBBdpwNVRzTFKPAShHCaKb46rJ4D3dJaZTRSo_mnBI37MFqmKHC8pBIkMNs6jy0c]}
